<?xml version="1.0" encoding="UTF-8"?>
<!-- Generated by org.testng.reporters.JUnitXMLReporter -->
<testsuite ignored="0" hostname="LAPTOP-H7R7DK85" failures="0" tests="6" name="Test Runner 1" time="0.276" errors="0" timestamp="2024-08-10T06:08:50 IST">
  <testcase classname="distributedParallel.Test3" name="demo1" time="0.033"/>
  <testcase classname="distributedParallel.Test3" name="demo2" time="0.009"/>
  <testcase classname="distributedParallel.Test2" name="demo1" time="0.009"/>
  <testcase classname="distributedParallel.Test2" name="demo2" time="0.03"/>
  <testcase classname="distributedParallel.Test1" name="demo1" time="0.005"/>
  <testcase classname="distributedParallel.Test1" name="demo2" time="0.018"/>
</testsuite> <!-- Test Runner 1 -->
