<?xml version="1.0" encoding="UTF-8"?>
<!-- Generated by org.testng.reporters.JUnitXMLReporter -->
<testsuite ignored="0" hostname="LAPTOP-H7R7DK85" failures="0" tests="6" name="Test Runner 2" time="0.271" errors="0" timestamp="2024-08-10T06:08:50 IST">
  <testcase classname="distributedParallel.Test6" name="demo1" time="0.032"/>
  <testcase classname="distributedParallel.Test6" name="demo2" time="0.019"/>
  <testcase classname="distributedParallel.Test5" name="demo1" time="0.019"/>
  <testcase classname="distributedParallel.Test5" name="demo2" time="0.01"/>
  <testcase classname="distributedParallel.Test4" name="demo1" time="0.009"/>
  <testcase classname="distributedParallel.Test4" name="demo2" time="0.021"/>
</testsuite> <!-- Test Runner 2 -->
