<?xml version="1.0" encoding="UTF-8"?>
<!-- Generated by org.testng.reporters.JUnitXMLReporter -->
<testsuite ignored="0" hostname="LAPTOP-H7R7DK85" failures="0" tests="3" name="Test(failed)" time="0.07" errors="0" timestamp="2024-08-09T06:09:19 IST">
  <testcase classname="testng.DependsOnMethods" name="test2" time="0.011"/>
  <testcase classname="testng.DependsOnMethods" name="test2" time="0.002"/>
  <testcase classname="testng.DependsOnMethods" name="test1" time="0.004"/>
</testsuite> <!-- Test(failed) -->
