<?xml version="1.0" encoding="UTF-8"?>
<testng-results ignored="0" total="1" passed="1" failed="0" skipped="0">
  <reporter-output>
    <line>
      <![CDATA[Hello World!]]>
    </line>
  </reporter-output>
  <suite started-at="2024-08-10T06:09:37 IST" name="Suite" finished-at="2024-08-10T06:09:37 IST" duration-ms="76">
    <groups>
    </groups>
    <test started-at="2024-08-10T06:09:37 IST" name="Test" finished-at="2024-08-10T06:09:37 IST" duration-ms="76">
      <class name="testng.SampleTest">
        <test-method signature="demo()[pri:0, instance:testng.SampleTest@2fd1433e]" started-at="2024-08-10T06:09:37 IST" name="demo" finished-at="2024-08-10T06:09:37 IST" duration-ms="17" status="PASS">
          <reporter-output>
            <line>
              <![CDATA[Hello World!]]>
            </line>
          </reporter-output>
        </test-method> <!-- demo -->
      </class> <!-- testng.SampleTest -->
    </test> <!-- Test -->
  </suite> <!-- Suite -->
</testng-results>
